1645832947769	geckodriver	INFO	Listening on 127.0.0.1:53532
1645832950823	mozrunner::runner	INFO	Running command: "C:\\Program Files\\Mozilla Firefox\\firefox.exe" "--marionette" "--remote-debugging-port" "53533" "-no-remote" "-profile" "C:\\Users\\17473\\AppData\\Local\\Temp\\rust_mozprofileszcXoH"
1645832951169	Marionette	INFO	Marionette enabled
console.warn: SearchSettings: "get: No settings file exists, new profile?" (new NotFoundError("Could not open the file at C:\\Users\\17473\\AppData\\Local\\Temp\\rust_mozprofileszcXoH\\search.json.mozlz4", (void 0)))
DevTools listening on ws://localhost:53533/devtools/browser/3c7be538-aade-44b9-8239-989b38be8910
1645832953009	Marionette	INFO	Listening on port 53538
1645832953515	RemoteAgent	WARN	TLS certificate errors will be ignored for this session
1645832963542	Marionette	INFO	Stopped listening on port 53538
console.warn: TopSitesFeed: Failed to fetch data from Contile server: NetworkError when attempting to fetch resource.

###!!! [Parent][PGPUParent] Error: RunMessage(msgname=PGPU::Msg_ShutdownVR) Channel closing: too late to send/recv, messages will be lost

1645833612225	geckodriver	INFO	Listening on 127.0.0.1:64017
1645833615272	mozrunner::runner	INFO	Running command: "C:\\Program Files\\Mozilla Firefox\\firefox.exe" "--marionette" "headless" "--remote-debugging-port" "64018" "-no-remote" "-profile" "C:\\Users\\17473\\AppData\\Local\\Temp\\rust_mozprofileTkfUse"
1645833615896	Marionette	INFO	Marionette enabled
console.warn: SearchSettings: "get: No settings file exists, new profile?" (new NotFoundError("Could not open the file at C:\\Users\\17473\\AppData\\Local\\Temp\\rust_mozprofileTkfUse\\search.json.mozlz4", (void 0)))
DevTools listening on ws://localhost:64018/devtools/browser/2414c3d3-ed83-47f6-ae3b-53a726035353
1645833617517	Marionette	INFO	Listening on port 64025
1645833617943	RemoteAgent	WARN	TLS certificate errors will be ignored for this session
1645833620811	Marionette	INFO	Stopped listening on port 64025
console.warn: TopSitesFeed: Failed to fetch data from Contile server: NetworkError when attempting to fetch resource.
JavaScript error: chrome://remote/content/marionette/cert.js, line 55: NS_ERROR_NOT_AVAILABLE: Component returned failure code: 0x80040111 (NS_ERROR_NOT_AVAILABLE) [nsICertOverrideService.setDisableAllSecurityChecksAndLetAttackersInterceptMyData]

###!!! [Parent][PGPUParent] Error: RunMessage(msgname=PGPU::Msg_ShutdownVR) Channel closing: too late to send/recv, messages will be lost

1645833658328	geckodriver	INFO	Listening on 127.0.0.1:64103
1645833661391	mozrunner::runner	INFO	Running command: "C:\\Program Files\\Mozilla Firefox\\firefox.exe" "--marionette" "-headless" "--remote-debugging-port" "64104" "-no-remote" "-profile" "C:\\Users\\17473\\AppData\\Local\\Temp\\rust_mozprofile0x23Qc"
*** You are running in headless mode.
1645833661597	Marionette	INFO	Marionette enabled
[GFX1-]: RenderCompositorSWGL failed mapping default framebuffer, no dt
console.warn: SearchSettings: "get: No settings file exists, new profile?" (new NotFoundError("Could not open the file at C:\\Users\\17473\\AppData\\Local\\Temp\\rust_mozprofile0x23Qc\\search.json.mozlz4", (void 0)))
DevTools listening on ws://localhost:64104/devtools/browser/bc3c5315-c397-4fd8-a001-591758b793c5
1645833662398	Marionette	INFO	Listening on port 64109
1645833662415	RemoteAgent	WARN	TLS certificate errors will be ignored for this session
1645834022112	geckodriver	INFO	Listening on 127.0.0.1:61765
1645834025172	mozrunner::runner	INFO	Running command: "C:\\Program Files\\Mozilla Firefox\\firefox.exe" "--marionette" "--disable-images" "--remote-debugging-port" "61766" "-no-remote" "-profile" "C:\\Users\\17473\\AppData\\Local\\Temp\\rust_mozprofileWy0LBu"
1645834025375	Marionette	INFO	Marionette enabled
console.warn: SearchSettings: "get: No settings file exists, new profile?" (new NotFoundError("Could not open the file at C:\\Users\\17473\\AppData\\Local\\Temp\\rust_mozprofileWy0LBu\\search.json.mozlz4", (void 0)))
DevTools listening on ws://localhost:61766/devtools/browser/9ae855bc-e94f-4531-8542-6f0c23e69657
1645834026907	Marionette	INFO	Listening on port 61776
1645834027223	RemoteAgent	WARN	TLS certificate errors will be ignored for this session
1645834028535	Marionette	INFO	Stopped listening on port 61776
console.warn: TopSitesFeed: Failed to fetch data from Contile server: NetworkError when attempting to fetch resource.

###!!! [Parent][PGPUParent] Error: RunMessage(msgname=PGPU::Msg_ShutdownVR) Channel closing: too late to send/recv, messages will be lost

1645834055223	geckodriver	INFO	Listening on 127.0.0.1:61850
1645834058286	mozrunner::runner	INFO	Running command: "C:\\Program Files\\Mozilla Firefox\\firefox.exe" "--marionette" "--disable-images" "--remote-debugging-port" "61851" "-no-remote" "-profile" "C:\\Users\\17473\\AppData\\Local\\Temp\\rust_mozprofiletFVsl1"
1645834058532	Marionette	INFO	Marionette enabled
console.warn: SearchSettings: "get: No settings file exists, new profile?" (new NotFoundError("Could not open the file at C:\\Users\\17473\\AppData\\Local\\Temp\\rust_mozprofiletFVsl1\\search.json.mozlz4", (void 0)))
DevTools listening on ws://localhost:61851/devtools/browser/29229001-b2e2-443a-afe8-e3a26fbb4997
1645834060206	Marionette	INFO	Listening on port 61858
1645834060336	RemoteAgent	WARN	TLS certificate errors will be ignored for this session
1645834066497	Marionette	INFO	Stopped listening on port 61858
console.warn: TopSitesFeed: Failed to fetch data from Contile server: NetworkError when attempting to fetch resource.

###!!! [Parent][PGPUParent] Error: RunMessage(msgname=PGPU::Msg_ShutdownVR) Channel closing: too late to send/recv, messages will be lost

1645834335876	geckodriver	INFO	Listening on 127.0.0.1:62222
1645834338922	mozrunner::runner	INFO	Running command: "C:\\Program Files\\Mozilla Firefox\\firefox.exe" "--marionette" "--remote-debugging-port" "62223" "-no-remote" "-profile" "C:\\Users\\17473\\AppData\\Local\\Temp\\rust_mozprofilexUQPzT"
1645834339341	Marionette	INFO	Marionette enabled
console.warn: SearchSettings: "get: No settings file exists, new profile?" (new NotFoundError("Could not open the file at C:\\Users\\17473\\AppData\\Local\\Temp\\rust_mozprofilexUQPzT\\search.json.mozlz4", (void 0)))
DevTools listening on ws://localhost:62223/devtools/browser/8c8905df-2dd8-4685-87ff-b8564bb449b6
1645834341023	Marionette	INFO	Listening on port 62230
1645834341086	RemoteAgent	WARN	TLS certificate errors will be ignored for this session
1645834344278	Marionette	INFO	Stopped listening on port 62230
console.warn: TopSitesFeed: Failed to fetch data from Contile server: NetworkError when attempting to fetch resource.

###!!! [Parent][PGPUParent] Error: RunMessage(msgname=PGPU::Msg_ShutdownVR) Channel closing: too late to send/recv, messages will be lost

1645834887709	geckodriver	INFO	Listening on 127.0.0.1:62456
1645834890761	mozrunner::runner	INFO	Running command: "C:\\Program Files\\Mozilla Firefox\\firefox.exe" "--marionette" "--disable-images" "--remote-debugging-port" "62457" "-no-remote" "-profile" "C:\\Users\\17473\\AppData\\Local\\Temp\\rust_mozprofiletcxU9N"
1645834890966	Marionette	INFO	Marionette enabled
console.warn: SearchSettings: "get: No settings file exists, new profile?" (new NotFoundError("Could not open the file at C:\\Users\\17473\\AppData\\Local\\Temp\\rust_mozprofiletcxU9N\\search.json.mozlz4", (void 0)))
DevTools listening on ws://localhost:62457/devtools/browser/bbb0dedd-3135-4e58-b456-dff3d3c53acb
1645834892717	Marionette	INFO	Listening on port 62464
1645834892801	RemoteAgent	WARN	TLS certificate errors will be ignored for this session
JavaScript error: chrome://browser/content/places/treeView.js, line 279: NS_ERROR_ILLEGAL_VALUE: Component returned failure code: 0x80070057 (NS_ERROR_ILLEGAL_VALUE) [nsINavHistoryContainerResultNode.getChild]
JavaScript error: chrome://browser/content/places/treeView.js, line 279: NS_ERROR_ILLEGAL_VALUE: Component returned failure code: 0x80070057 (NS_ERROR_ILLEGAL_VALUE) [nsINavHistoryContainerResultNode.getChild]
JavaScript error: chrome://browser/content/places/treeView.js, line 279: NS_ERROR_ILLEGAL_VALUE: Component returned failure code: 0x80070057 (NS_ERROR_ILLEGAL_VALUE) [nsINavHistoryContainerResultNode.getChild]
JavaScript error: chrome://browser/content/places/treeView.js, line 279: NS_ERROR_ILLEGAL_VALUE: Component returned failure code: 0x80070057 (NS_ERROR_ILLEGAL_VALUE) [nsINavHistoryContainerResultNode.getChild]
JavaScript error: chrome://browser/content/places/treeView.js, line 279: NS_ERROR_ILLEGAL_VALUE: Component returned failure code: 0x80070057 (NS_ERROR_ILLEGAL_VALUE) [nsINavHistoryContainerResultNode.getChild]
JavaScript error: chrome://browser/content/places/treeView.js, line 279: NS_ERROR_ILLEGAL_VALUE: Component returned failure code: 0x80070057 (NS_ERROR_ILLEGAL_VALUE) [nsINavHistoryContainerResultNode.getChild]
1645834917393	Marionette	INFO	Stopped listening on port 62464
console.warn: TopSitesFeed: Failed to fetch data from Contile server: NetworkError when attempting to fetch resource.

###!!! [Parent][PGPUParent] Error: RunMessage(msgname=PGPU::Msg_ShutdownVR) Channel closing: too late to send/recv, messages will be lost

1645835004465	geckodriver	INFO	Listening on 127.0.0.1:62642
1645835007505	mozrunner::runner	INFO	Running command: "C:\\Program Files\\Mozilla Firefox\\firefox.exe" "--marionette" "--disable-images" "--remote-debugging-port" "62643" "-no-remote" "-profile" "C:\\Users\\17473\\AppData\\Local\\Temp\\rust_mozprofile6AmgnB"
1645835007930	Marionette	INFO	Marionette enabled
console.warn: SearchSettings: "get: No settings file exists, new profile?" (new NotFoundError("Could not open the file at C:\\Users\\17473\\AppData\\Local\\Temp\\rust_mozprofile6AmgnB\\search.json.mozlz4", (void 0)))
DevTools listening on ws://localhost:62643/devtools/browser/ccc1ae33-f702-493f-a651-cb8244ef09f0
1645835009538	Marionette	INFO	Listening on port 62651
1645835009562	RemoteAgent	WARN	TLS certificate errors will be ignored for this session
1645835014206	Marionette	INFO	Stopped listening on port 62651
console.warn: TopSitesFeed: Failed to fetch data from Contile server: NetworkError when attempting to fetch resource.

###!!! [Parent][PGPUParent] Error: RunMessage(msgname=PGPU::Msg_ShutdownVR) Channel closing: too late to send/recv, messages will be lost

1645835037877	geckodriver	INFO	Listening on 127.0.0.1:62727
1645835040942	mozrunner::runner	INFO	Running command: "C:\\Program Files\\Mozilla Firefox\\firefox.exe" "--marionette" "--disable-images" "--remote-debugging-port" "62728" "-no-remote" "-profile" "C:\\Users\\17473\\AppData\\Local\\Temp\\rust_mozprofileFYTkgB"
1645835041280	Marionette	INFO	Marionette enabled
console.warn: SearchSettings: "get: No settings file exists, new profile?" (new NotFoundError("Could not open the file at C:\\Users\\17473\\AppData\\Local\\Temp\\rust_mozprofileFYTkgB\\search.json.mozlz4", (void 0)))
DevTools listening on ws://localhost:62728/devtools/browser/87d09474-6883-466d-a193-eb5181264e3b
1645835042996	Marionette	INFO	Listening on port 62733
1645835043107	RemoteAgent	WARN	TLS certificate errors will be ignored for this session
1645835045510	Marionette	INFO	Stopped listening on port 62733
console.warn: TopSitesFeed: Failed to fetch data from Contile server: NetworkError when attempting to fetch resource.
JavaScript error: chrome://remote/content/marionette/cert.js, line 55: NS_ERROR_NOT_AVAILABLE: Component returned failure code: 0x80040111 (NS_ERROR_NOT_AVAILABLE) [nsICertOverrideService.setDisableAllSecurityChecksAndLetAttackersInterceptMyData]

###!!! [Parent][PGPUParent] Error: RunMessage(msgname=PGPU::Msg_ShutdownVR) Channel closing: too late to send/recv, messages will be lost

1645835054453	geckodriver	INFO	Listening on 127.0.0.1:62836
1645835057513	mozrunner::runner	INFO	Running command: "C:\\Program Files\\Mozilla Firefox\\firefox.exe" "--marionette" "--disable-images" "--remote-debugging-port" "62837" "-no-remote" "-profile" "C:\\Users\\17473\\AppData\\Local\\Temp\\rust_mozprofileV1ivt2"
1645835057718	Marionette	INFO	Marionette enabled
console.warn: SearchSettings: "get: No settings file exists, new profile?" (new NotFoundError("Could not open the file at C:\\Users\\17473\\AppData\\Local\\Temp\\rust_mozprofileV1ivt2\\search.json.mozlz4", (void 0)))
DevTools listening on ws://localhost:62837/devtools/browser/194a8c9e-2011-44e1-b195-5ebc5cd68092
1645835059295	Marionette	INFO	Listening on port 62844
1645835059548	RemoteAgent	WARN	TLS certificate errors will be ignored for this session
1645835165765	Marionette	INFO	Stopped listening on port 62844
console.warn: TopSitesFeed: Failed to fetch data from Contile server: NetworkError when attempting to fetch resource.

###!!! [Parent][PGPUParent] Error: RunMessage(msgname=PGPU::Msg_ShutdownVR) Channel closing: too late to send/recv, messages will be lost

35063555	Marionette	INFO	Marionette enabled
console.warn: SearchSettings: "get: No settings file exists, new profile?" (new NotFoundError("Could not open the file at C:\\Users\\17473\\AppData\\Local\\Temp\\rust_mozprofileNVd8uc\\search.json.mozlz4", (void 0)))
DevTools listening on ws://localhost:62886/devtools/browser/68ab27ee-bd9d-4d14-aee1-aaad45bb3bc3
1645835065204	Marionette	INFO	Listening on port 62899
1645835065392	RemoteAgent	WARN	TLS certificate errors will be ignored for this session
console.warn: LoginRecipes: "getRecipes: falling back to a synchronous message for:" "https://m.ruc.edu.cn"
console.warn: LoginRecipes: "getRecipes: falling back to a synchronous message for:" "https://m.ruc.edu.cn"
console.warn: LoginRecipes: "getRecipes: falling back to a synchronous message for:" "https://m.ruc.edu.cn"
JavaScript error: , line 0: NotFoundError: No such JSWindowActor 'DevToolsFrame'
console.warn: LoginRecipes: "getRecipes: falling back to a synchronous message for:" "https://m.ruc.edu.cn"
JavaScript error: https://pss.bdstatic.com/r/www/cache/static/protocol/https/plugins/every_cookie_4644b13.js, line 4: ReferenceError: c is not defined
JavaScript error: resource://gre/modules/AsyncShutdown.jsm, line 575: NotFoundError: No such JSWindowActor 'DevToolsFrame'
1645835443014	Marionette	INFO	Stopped listening on port 62899
console.warn: TopSitesFeed: Failed to fetch data from Contile server: NetworkError when attempting to fetch resource.

###!!! [Parent][PGPUParent] Error: RunMessage(msgname=PGPU::Msg_ShutdownVR) Channel closing: too late to send/recv, messages will be lost

1645835446452	geckodriver	INFO	Listening on 127.0.0.1:65383
1645835449515	mozrunner::runner	INFO	Running command: "C:\\Program Files\\Mozilla Firefox\\firefox.exe" "--marionette" "--disable-images" "--remote-debugging-port" "65384" "-no-remote" "-profile" "C:\\Users\\17473\\AppData\\Local\\Temp\\rust_mozprofileT5Rtyx"
1645835449735	Marionette	INFO	Marionette enabled
console.warn: SearchSettings: "get: No settings file exists, new profile?" (new NotFoundError("Could not open the file at C:\\Users\\17473\\AppData\\Local\\Temp\\rust_mozprofileT5Rtyx\\search.json.mozlz4", (void 0)))
DevTools listening on ws://localhost:65384/devtools/browser/240feb78-609e-459e-bd64-43b7fd51c24a
1645835451543	Marionette	INFO	Listening on port 65392
1645835451561	RemoteAgent	WARN	TLS certificate errors will be ignored for this session
console.warn: LoginRecipes: "getRecipes: falling back to a synchronous message for:" "https://m.ruc.edu.cn"
JavaScript error: resource://gre/modules/AsyncShutdown.jsm, line 575: NotFoundError: No such JSWindowActor 'DevToolsFrame'
1645835714009	Marionette	INFO	Stopped listening on port 65392
console.warn: TopSitesFeed: Failed to fetch data from Contile server: NetworkError when attempting to fetch resource.

###!!! [Parent][PGPUParent] Error: RunMessage(msgname=PGPU::Msg_ShutdownVR) Channel closing: too late to send/recv, messages will be lost

 NotFoundError("Could not open the file at C:\\Users\\17473\\AppData\\Local\\Temp\\rust_mozprofile86IpI8\\search.json.mozlz4", (void 0)))
DevTools listening on ws://localhost:65521/devtools/browser/398096c7-aa0c-452f-b174-cf2906ee90ec
1645835510679	Marionette	INFO	Listening on port 65526
1645835511138	RemoteAgent	WARN	TLS certificate errors will be ignored for this session
1645835515803	Marionette	INFO	Stopped listening on port 65526
console.warn: TopSitesFeed: Failed to fetch data from Contile server: NetworkError when attempting to fetch resource.

###!!! [Parent][PGPUParent] Error: RunMessage(msgname=PGPU::Msg_ShutdownVR) Channel closing: too late to send/recv, messages will be lost

1645835616674	geckodriver	INFO	Listening on 127.0.0.1:49304
1645835619726	mozrunner::runner	INFO	Running command: "C:\\Program Files\\Mozilla Firefox\\firefox.exe" "--marionette" "--disable-images" "--remote-debugging-port" "49305" "-no-remote" "-profile" "C:\\Users\\17473\\AppData\\Local\\Temp\\rust_mozprofileVPLxKd"
1645835620180	Marionette	INFO	Marionette enabled
console.warn: SearchSettings: "get: No settings file exists, new profile?" (new NotFoundError("Could not open the file at C:\\Users\\17473\\AppData\\Local\\Temp\\rust_mozprofileVPLxKd\\search.json.mozlz4", (void 0)))
DevTools listening on ws://localhost:49305/devtools/browser/38d28da1-5378-4b69-b42e-015b6ec79bbf
1645835621756	Marionette	INFO	Listening on port 49314
1645835621868	RemoteAgent	WARN	TLS certificate errors will be ignored for this session
console.warn: LoginRecipes: "getRecipes: falling back to a synchronous message for:" "https://m.ruc.edu.cn"
JavaScript warning: resource://devtools/client/shared/demangle.js, line 0: Successfully compiled asm.js code (total compilation time 42ms)
JavaScript error: resource://gre/modules/AsyncShutdown.jsm, line 575: NotFoundError: No such JSWindowActor 'DevToolsFrame'
1645835714645	Marionette	INFO	Stopped listening on port 49314
console.warn: TopSitesFeed: Failed to fetch data from Contile server: NetworkError when attempting to fetch resource.

###!!! [Parent][PGPUParent] Error: RunMessage(msgname=PGPU::Msg_ShutdownVR) Channel closing: too late to send/recv, messages will be lost

1645835745828	geckodriver	INFO	Listening on 127.0.0.1:49723
1645835748867	mozrunner::runner	INFO	Running command: "C:\\Program Files\\Mozilla Firefox\\firefox.exe" "--marionette" "--disable-images" "--remote-debugging-port" "49724" "-no-remote" "-profile" "C:\\Users\\17473\\AppData\\Local\\Temp\\rust_mozprofile8XLZVy"
1645835749102	Marionette	INFO	Marionette enabled
console.warn: SearchSettings: "get: No settings file exists, new profile?" (new NotFoundError("Could not open the file at C:\\Users\\17473\\AppData\\Local\\Temp\\rust_mozprofile8XLZVy\\search.json.mozlz4", (void 0)))
DevTools listening on ws://localhost:49724/devtools/browser/e79bf58c-9099-4cb9-a5d4-80817d43afdf
1645835751419	Marionette	INFO	Listening on port 49730
1645835751528	RemoteAgent	WARN	TLS certificate errors will be ignored for this session
1645835761140	Marionette	INFO	Stopped listening on port 49730
console.warn: TopSitesFeed: Failed to fetch data from Contile server: NetworkError when attempting to fetch resource.

###!!! [Parent][PGPUParent] Error: RunMessage(msgname=PGPU::Msg_ShutdownVR) Channel closing: too late to send/recv, messages will be lost

1645835770771	geckodriver	INFO	Listening on 127.0.0.1:49841
1645835773808	mozrunner::runner	INFO	Running command: "C:\\Program Files\\Mozilla Firefox\\firefox.exe" "--marionette" "--disable-images" "--remote-debugging-port" "49842" "-no-remote" "-profile" "C:\\Users\\17473\\AppData\\Local\\Temp\\rust_mozprofile8qQh4q"
1645835774014	Marionette	INFO	Marionette enabled
console.warn: SearchSettings: "get: No settings file exists, new profile?" (new NotFoundError("Could not open the file at C:\\Users\\17473\\AppData\\Local\\Temp\\rust_mozprofile8qQh4q\\search.json.mozlz4", (void 0)))
DevTools listening on ws://localhost:49842/devtools/browser/62310738-8a49-4a83-9767-a7be29a4c2b5
1645835775588	Marionette	INFO	Listening on port 49848
1645835775861	RemoteAgent	WARN	TLS certificate errors will be ignored for this session
console.warn: LoginRecipes: "getRecipes: falling back to a synchronous message for:" "https://m.ruc.edu.cn"
JavaScript error: resource://gre/modules/AsyncShutdown.jsm, line 575: NotFoundError: No such JSWindowActor 'DevToolsFrame'
1645836044085	Marionette	INFO	Stopped listening on port 49848
console.warn: TopSitesFeed: Failed to fetch data from Contile server: NetworkError when attempting to fetch resource.
rofileXXgFD1"
1645835816279	Marionette	INFO	Marionette enabled
console.warn: SearchSettings: "get: No settings file exists, new profile?" (new NotFoundError("Could not open the file at C:\\Users\\17473\\AppData\\Local\\Temp\\rust_mozprofileXXgFD1\\search.json.mozlz4", (void 0)))
DevTools listening on ws://localhost:49992/devtools/browser/ea9de9c6-7f76-43d3-affb-4fe1154c233c
1645835817888	Marionette	INFO	Listening on port 49997
1645835817986	RemoteAgent	WARN	TLS certificate errors will be ignored for this session
console.warn: LoginRecipes: "getRecipes: falling back to a synchronous message for:" "https://m.ruc.edu.cn"
console.warn: LoginRecipes: "getRecipes: falling back to a synchronous message for:" "https://m.ruc.edu.cn"
console.warn: LoginRecipes: "getRecipes: falling back to a synchronous message for:" "https://m.ruc.edu.cn"
console.warn: LoginRecipes: "getRecipes: falling back to a synchronous message for:" "https://m.ruc.edu.cn"
JavaScript error: resource://gre/modules/AsyncShutdown.jsm, 1645836199012	mozrunner::runner	INFO	Running command: "C:\\Program Files\\Mozilla Firefox\\firefox.exe" "--marionette" "--disable-images" "--remote-debugging-port" "49799" "-no-remote" "-profile" "C:\\Users\\17473\\AppData\\Local\\Temp\\rust_mozprofilerH9mDu"
1645836199429	Marionette	INFO	Marionette enabled
console.warn: SearchSettings: "get: No settings file exists, new profile?" (new NotFoundError("Could not open the file at C:\\Users\\17473\\AppData\\Local\\Temp\\rust_mozprofilerH9mDu\\search.json.mozlz4", (void 0)))
DevTools listening on ws://localhost:49799/devtools/browser/dd371c9f-1cd0-483c-86dc-f283a6c0b6e6
1645836201057	Marionette	INFO	Listening on port 49806
1645836201069	RemoteAgent	WARN	TLS certificate errors will be ignored for this session
console.warn: LoginRecipes: "getRecipes: falling back to a synchronous message for:" "https://m.ruc.edu.cn"
console.error: (new TypeError("currentNode is null", "resource://devtools/client/inspector/shared/style-change-tracker.js", 66))
TypeError: currentNode is null: canMutationImpactCurrentStyles@resource://devtools/client/inspector/shared/style-change-tracker.js:66:20
onMutations@resource://devtools/client/inspector/shared/style-change-tracker.js:84:41
_emit@resource://devtools/shared/event-emitter.js:244:34
emit@resource://devtools/shared/event-emitter.js:190:18
emit@resource://devtools/shared/event-emitter.js:342:18
getMutations@resource://devtools/client/fronts/walker.js:311:10

console.error: (new InvalidStateError("JSWindowActorChild.sendAsyncMessage: JSWindowActorChild cannot send at the moment", (void 0), 327))
InvalidStateError: JSWindowActorChild.sendAsyncMessage: JSWindowActorChild cannot send at the moment: _createTargetActor/<@resource://devtools/server/connectors/js-window-actor/DevToolsFrameChild.jsm:327:12
newListener@resource://devtools/shared/event-emitter.js:173:27
_emit@resource://devtools/shared/event-emitter.js:244:34
emit@resource://devtools/shared/event-emitter.js:190:18
emit@resource://devtools/shared/event-emitter.js:342:18
destroy@resource://devtools/server/actors/targets/window-global.js:743:10
module.exports/proto.destroy@resource://devtools/server/actors/targets/target-actor-mixin.js:244:30
instantiate@resource://devtools/server/connectors/js-window-actor/DevToolsFrameChild.jsm:242:26
handleEvent@resource://devtools/server/connectors/js-window-actor/DevToolsFrameChild.jsm:651:12

JavaScript warning: https://webapi.amap.com/maps?v=1.4.15&key=729923f88542d91590470f613adb27b5&plugin=AMap.Driving, line 13: WEBGL_debug_renderer_info is deprecated in Firefox and will be removed. Please use RENDERER.
console.warn: LoginRecipes: "getRecipes: falling back to a synchronous message for:" "https://m.ruc.edu.cn"
JavaScript error: resource://gre/modules/LoginManagerParent.jsm, line 136: TypeError: gRecipeManager is null
JavaScript error: resource://gre/modules/AsyncShutdown.jsm, line 575: NotFoundError: No such JSWindowActor 'DevToolsFrame'
1645836484800	Marionette	INFO	Stopped listening on port 49806
console.warn: TopSitesFeed: Failed to fetch data from Contile server: NetworkError when attempting to fetch resource.
JavaScript error: chrome://remote/content/marionette/cert.js, line 55: NS_ERROR_NOT_AVAILABLE: Component returned failure code: 0x80040111 (NS_ERROR_NOT_AVAILABLE) [nsICertOverrideService.setDisableAllSecurityChecksAndLetAttackersInterceptMyData]
1645836489963	geckodriver	INFO	Listening on 127.0.0.1:50187
1645836492995	mozrunner::runner	INFO	Running command: "C:\\Program Files\\Mozilla Firefox\\firefox.exe" "--marionette" "--disable-images" "--remote-debugging-port" "50188" "-no-remote" "-profile" "C:\\Users\\17473\\AppData\\Local\\Temp\\rust_mozprofile9Vj97V"
1645836493503	Marionette	INFO	Marionette enabled
console.warn: SearchSettings: "get: No settings file exists, new profile?" (new NotFoundError("Could not open the file at C:\\Users\\17473\\AppData\\Local\\Temp\\rust_mozprofile9Vj97V\\search.json.mozlz4", (void 0)))
DevTools listening on ws://localhost:50188/devtools/browser/14f46d29-f57c-49ff-ba73-472c4d32a58d
1645836495208	Marionette	INFO	Listening on port 50193
1645836495649	RemoteAgent	WARN	TLS certificate errors will be ignored for this session
console.warn: LoginRecipes: "getRecipes: falling back to a synchronous message for:" "https://m.ruc.edu.cn"
1645836504396	Marionette	INFO	Stopped listening on port 50193
console.warn: TopSitesFeed: Failed to fetch data from Contile server: NetworkError when attempting to fetch resource.
JavaScript error: chrome://remote/content/marionette/cert.js, line 55: NS_ERROR_NOT_AVAILABLE: Component returned failure code: 0x80040111 (NS_ERROR_NOT_AVAILABLE) [nsICertOverrideService.setDisableAllSecurityChecksAndLetAttackersInterceptMyData]

###!!! [Parent][PGPUParent] Error: RunMessage(msgname=PGPU::Msg_ShutdownVR) Channel closing: too late to send/recv, messages will be lost

1645836675964	geckodriver	INFO	Listening on 127.0.0.1:50427
1645836678997	mozrunner::runner	INFO	Running command: "C:\\Program Files\\Mozilla Firefox\\firefox.exe" "--marionette" "--disable-images" "--remote-debugging-port" "50428" "-no-remote" "-profile" "C:\\Users\\17473\\AppData\\Local\\Temp\\rust_mozprofilemGwmwg"
1645836679521	Marionette	INFO	Marionette enabled
console.warn: SearchSettings: "get: No settings file exists, new profile?" (new NotFoundError("Could not open the file at C:\\Users\\17473\\AppData\\Local\\Temp\\rust_mozprofilemGwmwg\\search.json.mozlz4", (void 0)))
DevTools listening on ws://localhost:50428/devtools/browser/d0c0837a-dfc0-4474-b02e-c5ba03cee7d0
1645836681273	Marionette	INFO	Listening on port 50436
1645836681657	RemoteAgent	WARN	TLS certificate errors will be ignored for this session
console.warn: LoginRecipes: "getRecipes: falling back to a synchronous message for:" "https://m.ruc.edu.cn"
1645836768269	Marionette	INFO	Stopped listening on port 50436
console.warn: TopSitesFeed: Failed to fetch data from Contile server: NetworkError when attempting to fetch resource.
JavaScript error: chrome://remote/content/marionette/cert.js, line 55: NS_ERROR_NOT_AVAILABLE: Component returned failure code: 0x80040111 (NS_ERROR_NOT_AVAILABLE) [nsICertOverrideService.setDisableAllSecurityChecksAndLetAttackersInterceptMyData]
1645836787410	geckodriver	INFO	Listening on 127.0.0.1:50579
1645836790463	mozrunner::runner	INFO	Running command: "C:\\Program Files\\Mozilla Firefox\\firefox.exe" "--marionette" "--disable-images" "--remote-debugging-port" "50580" "-no-remote" "-profile" "C:\\Users\\17473\\AppData\\Local\\Temp\\rust_mozprofileJSGoXx"
1645836790773	Marionette	INFO	Marionette enabled
console.warn: SearchSettings: "get: No settings file exists, new profile?" (new NotFoundError("Could not open the file at C:\\Users\\17473\\AppData\\Local\\Temp\\rust_mozprofileJSGoXx\\search.json.mozlz4", (void 0)))
DevTools listening on ws://localhost:50580/devtools/browser/74e28765-4d05-4396-8e4a-8202c04031ca
1645836792342	Marionette	INFO	Listening on port 50585
1645836792502	RemoteAgent	WARN	TLS certificate errors will be ignored for this session
console.warn: LoginRecipes: "getRecipes: falling back to a synchronous message for:" "https://m.ruc.edu.cn"
JavaScript warning: https://webapi.amap.com/maps?v=1.4.15&key=729923f88542d91590470f613adb27b5&plugin=AMap.Driving, line 13: WEBGL_debug_renderer_info is deprecated in Firefox and will be removed. Please use RENDERER.
1645836804291	Marionette	INFO	Stopped listening on port 50585
console.warn: TopSitesFeed: Failed to fetch data from Contile server: NetworkError when attempting to fetch resource.

###!!! [Parent][PGPUParent] Error: RunMessage(msgname=PGPU::Msg_ShutdownVR) Channel closing: too late to send/recv, messages will be lost

1645836824756	geckodriver	INFO	Listening on 127.0.0.1:50712
1645836827809	mozrunner::runner	INFO	Running command: "C:\\Program Files\\Mozilla Firefox\\firefox.exe" "--marionette" "--disable-images" "--remote-debugging-port" "50713" "-no-remote" "-profile" "C:\\Users\\17473\\AppData\\Local\\Temp\\rust_mozprofile6rL7xD"
1645836828107	Marionette	INFO	Marionette enabled
console.warn: SearchSettings: "get: No settings file exists, new profile?" (new NotFoundError("Could not open the file at C:\\Users\\17473\\AppData\\Local\\Temp\\rust_mozprofile6rL7xD\\search.json.mozlz4", (void 0)))
DevTools listening on ws://localhost:50713/devtools/browser/2fdb0f3f-593c-4107-b35f-13feea2b9637
1645836829907	Marionette	INFO	Listening on port 50718
1645836829971	RemoteAgent	WARN	TLS certificate errors will be ignored for this session
console.warn: LoginRecipes: "getRecipes: falling back to a synchronous message for:" "https://m.ruc.edu.cn"
JavaScript warning: https://webapi.amap.com/maps?v=1.4.15&key=729923f88542d91590470f613adb27b5&plugin=AMap.Driving, line 13: WEBGL_debug_renderer_info is deprecated in Firefox and will be removed. Please use RENDERER.
1645836850142	Marionette	INFO	Stopped listening on port 50718
console.warn: TopSitesFeed: Failed to fetch data from Contile server: NetworkError when attempting to fetch resource.

###!!! [Parent][PGPUParent] Error: RunMessage(msgname=PGPU::Msg_ShutdownVR) Channel closing: too late to send/recv, messages will be lost

1645836952840	geckodriver	INFO	Listening on 127.0.0.1:50855
1645836955876	mozrunner::runner	INFO	Running command: "C:\\Program Files\\Mozilla Firefox\\firefox.exe" "--marionette" "--disable-images" "--remote-debugging-port" "50856" "-no-remote" "-profile" "C:\\Users\\17473\\AppData\\Local\\Temp\\rust_mozprofileWID6KC"
1645836956520	Marionette	INFO	Marionette enabled
console.warn: SearchSettings: "get: No settings file exists, new profile?" (new NotFoundError("Could not open the file at C:\\Users\\17473\\AppData\\Local\\Temp\\rust_mozprofileWID6KC\\search.json.mozlz4", (void 0)))
DevTools listening on ws://localhost:50856/devtools/browser/a454e802-8692-44a5-b9fd-08c936fb8f14
1645836958137	Marionette	INFO	Listening on port 50864
1645836958539	RemoteAgent	WARN	TLS certificate errors will be ignored for this session
1645836963926	Marionette	INFO	Stopped listening on port 50864
console.warn: TopSitesFeed: Failed to fetch data from Contile server: NetworkError when attempting to fetch resource.
JavaScript error: chrome://remote/content/marionette/cert.js, line 55: NS_ERROR_NOT_AVAILABLE: Component returned failure code: 0x80040111 (NS_ERROR_NOT_AVAILABLE) [nsICertOverrideService.setDisableAllSecurityChecksAndLetAttackersInterceptMyData]

###!!! [Parent][PGPUParent] Error: RunMessage(msgname=PGPU::Msg_ShutdownVR) Channel closing: too late to send/recv, messages will be lost

1645837197917	geckodriver	INFO	Listening on 127.0.0.1:53444
1645837201015	mozrunner::runner	INFO	Running command: "C:\\Program Files\\Mozilla Firefox\\firefox.exe" "--marionette" "--disable-images" "--remote-debugging-port" "53445" "-no-remote" "-profile" "C:\\Users\\17473\\AppData\\Local\\Temp\\rust_mozprofileQOLxCF"
1645837201536	Marionette	INFO	Marionette enabled
console.warn: SearchSettings: "get: No settings file exists, new profile?" (new NotFoundError("Could not open the file at C:\\Users\\17473\\AppData\\Local\\Temp\\rust_mozprofileQOLxCF\\search.json.mozlz4", (void 0)))
DevTools listening on ws://localhost:53445/devtools/browser/0581c3ed-21fc-499c-a2f5-d6a4a7f4e720
1645837204748	Marionette	INFO	Listening on port 53451
1645837205252	RemoteAgent	WARN	TLS certificate errors will be ignored for this session
console.warn: LoginRecipes: "getRecipes: falling back to a synchronous message for:" "https://m.ruc.edu.cn"
JavaScript warning: https://webapi.amap.com/maps?v=1.4.15&key=729923f88542d91590470f613adb27b5&plugin=AMap.Driving, line 13: WEBGL_debug_renderer_info is deprecated in Firefox and will be removed. Please use RENDERER.
JavaScript error: resource://gre/modules/AsyncShutdown.jsm, line 575: NotFoundError: No such JSWindowActor 'DevToolsFrame'
1645837247698	Marionette	INFO	Stopped listening on port 53451
console.warn: TopSitesFeed: Failed to fetch data from Contile server: NetworkError when attempting to fetch resource.

###!!! [Parent][PGPUParent] Error: RunMessage(msgname=PGPU::Msg_ShutdownVR) Channel closing: too late to send/recv, messages will be lost

1645837251153	geckodriver	INFO	Listening on 127.0.0.1:53585
1645837254266	mozrunner::runner	INFO	Running command: "C:\\Program Files\\Mozilla Firefox\\firefox.exe" "--marionette" "--disable-images" "--remote-debugging-port" "53586" "-no-remote" "-profile" "C:\\Users\\17473\\AppData\\Local\\Temp\\rust_mozprofilepQblVJ"
1645837254759	Marionette	INFO	Marionette enabled
console.warn: SearchSettings: "get: No settings file exists, new profile?" (new NotFoundError("Could not open the file at C:\\Users\\17473\\AppData\\Local\\Temp\\rust_mozprofilepQblVJ\\search.json.mozlz4", (void 0)))
DevTools listening on ws://localhost:53586/devtools/browser/ebb8bf60-1d2f-4204-8e46-584f7dd9d32e
1645837258036	Marionette	INFO	Listening on port 53591
1645837258480	RemoteAgent	WARN	TLS certificate errors will be ignored for this session
console.warn: LoginRecipes: "getRecipes: falling back to a synchronous message for:" "https://m.ruc.edu.cn"
JavaScript warning: https://webapi.amap.com/maps?v=1.4.15&key=729923f88542d91590470f613adb27b5&plugin=AMap.Driving, line 13: WEBGL_debug_renderer_info is deprecated in Firefox and will be removed. Please use RENDERER.
1645837270858	Marionette	INFO	Stopped listening on port 53591
console.warn: TopSitesFeed: Failed to fetch data from Contile server: NetworkError when attempting to fetch resource.

###!!! [Parent][PGPUParent] Error: RunMessage(msgname=PGPU::Msg_ShutdownVR) Channel closing: too late to send/recv, messages will be lost

1645837297608	geckodriver	INFO	Listening on 127.0.0.1:53719
1645837300712	mozrunner::runner	INFO	Running command: "C:\\Program Files\\Mozilla Firefox\\firefox.exe" "--marionette" "--disable-images" "--remote-debugging-port" "53720" "-no-remote" "-profile" "C:\\Users\\17473\\AppData\\Local\\Temp\\rust_mozprofilek8j09p"
1645837301194	Marionette	INFO	Marionette enabled
console.warn: SearchSettings: "get: No settings file exists, new profile?" (new NotFoundError("Could not open the file at C:\\Users\\17473\\AppData\\Local\\Temp\\rust_mozprofilek8j09p\\search.json.mozlz4", (void 0)))
DevTools listening on ws://localhost:53720/devtools/browser/1a6f4bf7-6d87-42e8-92b8-fb5a46ac6d71
1645837304617	Marionette	INFO	Listening on port 53725
1645837304915	RemoteAgent	WARN	TLS certificate errors will be ignored for this session
console.warn: LoginRecipes: "getRecipes: falling back to a synchronous message for:" "https://m.ruc.edu.cn"
JavaScript warning: https://webapi.amap.com/maps?v=1.4.15&key=729923f88542d91590470f613adb27b5&plugin=AMap.Driving, line 13: WEBGL_debug_renderer_info is deprecated in Firefox and will be removed. Please use RENDERER.
JavaScript error: resource://gre/modules/AsyncShutdown.jsm, line 575: NotFoundError: No such JSWindowActor 'DevToolsFrame'
1645837337648	Marionette	INFO	Stopped listening on port 53725
console.warn: TopSitesFeed: Failed to fetch data from Contile server: NetworkError when attempting to fetch resource.

###!!! [Parent][PGPUParent] Error: RunMessage(msgname=PGPU::Msg_ShutdownVR) Channel closing: too late to send/recv, messages will be lost

1645837351035	geckodriver	INFO	Listening on 127.0.0.1:53867
1645837354135	mozrunner::runner	INFO	Running command: "C:\\Program Files\\Mozilla Firefox\\firefox.exe" "--marionette" "--disable-images" "--remote-debugging-port" "53868" "-no-remote" "-profile" "C:\\Users\\17473\\AppData\\Local\\Temp\\rust_mozprofile67LNKL"
1645837354618	Marionette	INFO	Marionette enabled
console.warn: SearchSettings: "get: No settings file exists, new profile?" (new NotFoundError("Could not open the file at C:\\Users\\17473\\AppData\\Local\\Temp\\rust_mozprofile67LNKL\\search.json.mozlz4", (void 0)))
DevTools listening on ws://localhost:53868/devtools/browser/64acced7-a2e3-4dec-ada1-0fd3a418116c
1645837357867	Marionette	INFO	Listening on port 53873
1645837358329	RemoteAgent	WARN	TLS certificate errors will be ignored for this session
console.warn: LoginRecipes: "getRecipes: falling back to a synchronous message for:" "https://m.ruc.edu.cn"
1645837371629	Marionette	INFO	Stopped listening on port 53873
console.warn: TopSitesFeed: Failed to fetch data from Contile server: NetworkError when attempting to fetch resource.

###!!! [Parent][PGPUParent] Error: RunMessage(msgname=PGPU::Msg_ShutdownVR) Channel closing: too late to send/recv, messages will be lost

1645837380720	geckodriver	INFO	Listening on 127.0.0.1:53984
1645837383823	mozrunner::runner	INFO	Running command: "C:\\Program Files\\Mozilla Firefox\\firefox.exe" "--marionette" "--disable-images" "--remote-debugging-port" "53985" "-no-remote" "-profile" "C:\\Users\\17473\\AppData\\Local\\Temp\\rust_mozprofilecDhS0O"
1645837384321	Marionette	INFO	Marionette enabled
console.warn: SearchSettings: "get: No settings file exists, new profile?" (new NotFoundError("Could not open the file at C:\\Users\\17473\\AppData\\Local\\Temp\\rust_mozprofilecDhS0O\\search.json.mozlz4", (void 0)))
DevTools listening on ws://localhost:53985/devtools/browser/e870ddb8-eb0c-453e-a14a-bfcc15949bdf
1645837387566	Marionette	INFO	Listening on port 53990
1645837388055	RemoteAgent	WARN	TLS certificate errors will be ignored for this session
console.warn: LoginRecipes: "getRecipes: falling back to a synchronous message for:" "https://m.ruc.edu.cn"
JavaScript warning: https://webapi.amap.com/maps?v=1.4.15&key=729923f88542d91590470f613adb27b5&plugin=AMap.Driving, line 13: WEBGL_debug_renderer_info is deprecated in Firefox and will be removed. Please use RENDERER.
1645837433839	Marionette	INFO	Stopped listening on port 53990
console.warn: TopSitesFeed: Failed to fetch data from Contile server: NetworkError when attempting to fetch resource.

###!!! [Parent][PGPUParent] Error: RunMessage(msgname=PGPU::Msg_ShutdownVR) Channel closing: too late to send/recv, messages will be lost

1645837456623	geckodriver	INFO	Listening on 127.0.0.1:54144
1645837459698	mozrunner::runner	INFO	Running command: "C:\\Program Files\\Mozilla Firefox\\firefox.exe" "--marionette" "--disable-images" "--remote-debugging-port" "54145" "-no-remote" "-profile" "C:\\Users\\17473\\AppData\\Local\\Temp\\rust_mozprofiledvGJvy"
1645837460197	Marionette	INFO	Marionette enabled
console.warn: SearchSettings: "get: No settings file exists, new profile?" (new NotFoundError("Could not open the file at C:\\Users\\17473\\AppData\\Local\\Temp\\rust_mozprofiledvGJvy\\search.json.mozlz4", (void 0)))
DevTools listening on ws://localhost:54145/devtools/browser/ea203cc5-638d-473f-b5b6-153bed05e6ae
1645837463475	Marionette	INFO	Listening on port 54150
1645837463884	RemoteAgent	WARN	TLS certificate errors will be ignored for this session
console.warn: LoginRecipes: "getRecipes: falling back to a synchronous message for:" "https://m.ruc.edu.cn"
JavaScript warning: https://webapi.amap.com/maps?v=1.4.15&key=729923f88542d91590470f613adb27b5&plugin=AMap.Driving, line 13: WEBGL_debug_renderer_info is deprecated in Firefox and will be removed. Please use RENDERER.
JavaScript warning: https://webapi.amap.com/maps?v=1.4.15&key=729923f88542d91590470f613adb27b5&plugin=AMap.Driving, line 13: WEBGL_debug_renderer_info is deprecated in Firefox and will be removed. Please use RENDERER.
1645837761847	Marionette	INFO	Stopped listening on port 54150
console.warn: TopSitesFeed: Failed to fetch data from Contile server: NetworkError when attempting to fetch resource.

###!!! [Parent][PGPUParent] Error: RunMessage(msgname=PGPU::Msg_ShutdownVR) Channel closing: too late to send/recv, messages will be lost

37579095	Marionette	INFO	Marionette enabled
console.warn: SearchSettings: "get: No settings file exists, new profile?" (new NotFoundError("Could not open the file at C:\\Users\\17473\\AppData\\Local\\Temp\\rust_mozprofileCQSLCk\\search.json.mozlz4", (void 0)))
DevTools listening on ws://localhost:54320/devtools/browser/a5d354d4-1556-4af5-b912-e4c04b5c5a6c
1645837582428	Marionette	INFO	Listening on port 54325
1645837582814	RemoteAgent	WARN	TLS certificate errors will be ignored for this session
console.warn: LoginRecipes: "getRecipes: falling back to a synchronous message for:" "https://m.ruc.edu.cn"
JavaScript warning: https://webapi.amap.com/maps?v=1.4.15&key=729923f88542d91590470f613adb27b5&plugin=AMap.Driving, line 13: WEBGL_debug_renderer_info is deprecated in Firefox and will be removed. Please use RENDERER.
1645837601344	Marionette	INFO	Stopped listening on port 54325
console.warn: TopSitesFeed: Failed to fetch data from Contile server: NetworkError when attempting to fetch resource.
1645837704293	geckodriver	INFO	Listening on 127.0.0.1:54470
1645837707394	mozrunner::runner	INFO	Running command: "C:\\Program Files\\Mozilla Firefox\\firefox.exe" "--marionette" "--disable-images" "--remote-debugging-port" "54471" "-no-remote" "-profile" "C:\\Users\\17473\\AppData\\Local\\Temp\\rust_mozprofileIRaTyX"
1645837707876	Marionette	INFO	Marionette enabled
console.warn: SearchSettings: "get: No settings file exists, new profile?" (new NotFoundError("Could not open the file at C:\\Users\\17473\\AppData\\Local\\Temp\\rust_mozprofileIRaTyX\\search.json.mozlz4", (void 0)))
DevTools listening on ws://localhost:54471/devtools/browser/bad92984-7382-45ec-8458-9f342336fa89
1645837711171	Marionette	INFO	Listening on port 54476
1645837711622	RemoteAgent	WARN	TLS certificate errors will be ignored for this session
console.warn: LoginRecipes: "getRecipes: falling back to a synchronous message for:" "https://m.ruc.edu.cn"
JavaScript warning: https://webapi.amap.com/maps?v=1.4.15&key=729923f88542d91590470f613adb27b5&plugin=AMap.Driving, line 13: WEBGL_debug_renderer_info is deprecated in Firefox and will be removed. Please use RENDERER.
1645837824574	Marionette	INFO	Stopped listening on port 54476
console.warn: TopSitesFeed: Failed to fetch data from Contile server: NetworkError when attempting to fetch resource.

###!!! [Parent][PGPUParent] Error: RunMessage(msgname=PGPU::Msg_ShutdownVR) Channel closing: too late to send/recv, messages will be lost

1645837834563	geckodriver	INFO	Listening on 127.0.0.1:54651
1645837837678	mozrunner::runner	INFO	Running command: "C:\\Program Files\\Mozilla Firefox\\firefox.exe" "--marionette" "-headless" "--disable-images" "--remote-debugging-port" "54652" "-no-remote" "-profile" "C:\\Users\\17473\\AppData\\Local\\Temp\\rust_mozprofileMqH6oW"
*** You are running in headless mode.
1645837838152	Marionette	INFO	Marionette enabled
[GFX1-]: RenderCompositorSWGL failed mapping default framebuffer, no dt
console.warn: SearchSettings: "get: No settings file exists, new profile?" (new NotFoundError("Could not open the file at C:\\Users\\17473\\AppData\\Local\\Temp\\rust_mozprofileMqH6oW\\search.json.mozlz4", (void 0)))
DevTools listening on ws://localhost:54652/devtools/browser/678f54ba-8745-4cdc-a790-d6e4f204a9d7
1645837840169	Marionette	INFO	Listening on port 54659
1645837840349	RemoteAgent	WARN	TLS certificate errors will be ignored for this session
console.warn: LoginRecipes: "getRecipes: falling back to a synchronous message for:" "https://m.ruc.edu.cn"
JavaScript warning: https://webapi.amap.com/maps?v=1.4.15&key=729923f88542d91590470f613adb27b5&plugin=AMap.Driving, line 13: WEBGL_debug_renderer_info is deprecated in Firefox and will be removed. Please use RENDERER.
1645837884885	geckodriver	INFO	Listening on 127.0.0.1:54792
1645837887993	mozrunner::runner	INFO	Running command: "C:\\Program Files\\Mozilla Firefox\\firefox.exe" "--marionette" "-headless" "--disable-images" "--remote-debugging-port" "54793" "-no-remote" "-profile" "C:\\Users\\17473\\AppData\\Local\\Temp\\rust_mozprofilebSJdje"
*** You are running in headless mode.
1645837888484	Marionette	INFO	Marionette enabled
[GFX1-]: RenderCompositorSWGL failed mapping default framebuffer, no dt
console.warn: SearchSettings: "get: No settings file exists, new profile?" (new NotFoundError("Could not open the file at C:\\Users\\17473\\AppData\\Local\\Temp\\rust_mozprofilebSJdje\\search.json.mozlz4", (void 0)))
DevTools listening on ws://localhost:54793/devtools/browser/03e7d8d6-2b16-4f7a-a53d-b75349471356
1645837890207	Marionette	INFO	Listening on port 54798
1645837890675	RemoteAgent	WARN	TLS certificate errors will be ignored for this session
console.warn: LoginRecipes: "getRecipes: falling back to a synchronous message for:" "https://m.ruc.edu.cn"
JavaScript warning: https://webapi.amap.com/maps?v=1.4.15&key=729923f88542d91590470f613adb27b5&plugin=AMap.Driving, line 13: WEBGL_debug_renderer_info is deprecated in Firefox and will be removed. Please use RENDERER.
1645837976405	geckodriver	INFO	Listening on 127.0.0.1:54941
1645837979533	mozrunner::runner	INFO	Running command: "C:\\Program Files\\Mozilla Firefox\\firefox.exe" "--marionette" "-headless" "--disable-images" "--remote-debugging-port" "54942" "-no-remote" "-profile" "C:\\Users\\17473\\AppData\\Local\\Temp\\rust_mozprofilexKBmaI"
*** You are running in headless mode.
1645837980024	Marionette	INFO	Marionette enabled
[GFX1-]: RenderCompositorSWGL failed mapping default framebuffer, no dt
console.warn: SearchSettings: "get: No settings file exists, new profile?" (new NotFoundError("Could not open the file at C:\\Users\\17473\\AppData\\Local\\Temp\\rust_mozprofilexKBmaI\\search.json.mozlz4", (void 0)))
DevTools listening on ws://localhost:54942/devtools/browser/6a1f327d-686c-436d-bbb8-5fabc52365d3
1645837981894	Marionette	INFO	Listening on port 54949
1645837982216	RemoteAgent	WARN	TLS certificate errors will be ignored for this session
